Release 12.4 Map M.81d (lin64)
Xilinx Mapping Report File for Design 'Synth'

Design Information
------------------
Command Line   : map -detail -u -p xc6slx16-3-csg324 -pr b -c 100 -o
design_map.ncd design.ngd design.pcf 
Target Device  : xc6slx16
Target Package : csg324
Target Speed   : -3
Mapper Version : spartan6 -- $Revision: 1.52.76.2 $
Mapped Date    : Sun Apr 26 15:28:39 2015

Design Summary
--------------
Number of errors:      0
Number of warnings:    1
Slice Logic Utilization:
  Number of Slice Registers:                   473 out of  18,224    2%
    Number used as Flip Flops:                 455
    Number used as Latches:                     17
    Number used as Latch-thrus:                  0
    Number used as AND/OR logics:                1
  Number of Slice LUTs:                        854 out of   9,112    9%
    Number used as logic:                      831 out of   9,112    9%
      Number using O6 output only:             693
      Number using O5 output only:               2
      Number using O5 and O6:                  136
      Number used as ROM:                        0
    Number used as Memory:                      17 out of   2,176    1%
      Number used as Dual Port RAM:              0
      Number used as Single Port RAM:           16
        Number using O6 output only:            16
        Number using O5 output only:             0
        Number using O5 and O6:                  0
      Number used as Shift Register:             1
        Number using O6 output only:             1
        Number using O5 output only:             0
        Number using O5 and O6:                  0
    Number used exclusively as route-thrus:      6
      Number with same-slice register load:      6
      Number with same-slice carry load:         0
      Number with other load:                    0

Slice Logic Distribution:
  Number of occupied Slices:                   307 out of   2,278   13%
  Number of LUT Flip Flop pairs used:          958
    Number with an unused Flip Flop:           530 out of     958   55%
    Number with an unused LUT:                 104 out of     958   10%
    Number of fully used LUT-FF pairs:         324 out of     958   33%
    Number of unique control sets:              23
    Number of slice register sites lost
      to control set restrictions:              39 out of  18,224    1%

  A LUT Flip Flop pair for this architecture represents one LUT paired with
  one Flip Flop within a slice.  A control set is a unique combination of
  clock, reset, set, and enable signals for a registered element.
  The Slice Logic Distribution report is not meaningful if the design is
  over-mapped for a non-slice resource or if Placement fails.

IO Utilization:
  Number of bonded IOBs:                        18 out of     232    7%
    Number of LOCed IOBs:                       18 out of      18  100%

Specific Feature Utilization:
  Number of RAMB16BWERs:                         0 out of      32    0%
  Number of RAMB8BWERs:                          0 out of      64    0%
  Number of BUFIO2/BUFIO2_2CLKs:                 0 out of      32    0%
  Number of BUFIO2FB/BUFIO2FB_2CLKs:             0 out of      32    0%
  Number of BUFG/BUFGMUXs:                       1 out of      16    6%
    Number used as BUFGs:                        1
    Number used as BUFGMUX:                      0
  Number of DCM/DCM_CLKGENs:                     0 out of       4    0%
  Number of ILOGIC2/ISERDES2s:                   0 out of     248    0%
  Number of IODELAY2/IODRP2/IODRP2_MCBs:         0 out of     248    0%
  Number of OLOGIC2/OSERDES2s:                   0 out of     248    0%
  Number of BSCANs:                              0 out of       4    0%
  Number of BUFHs:                               0 out of     128    0%
  Number of BUFPLLs:                             0 out of       8    0%
  Number of BUFPLL_MCBs:                         0 out of       4    0%
  Number of DSP48A1s:                            1 out of      32    3%
  Number of ICAPs:                               0 out of       1    0%
  Number of MCBs:                                0 out of       2    0%
  Number of PCILOGICSEs:                         0 out of       2    0%
  Number of PLL_ADVs:                            0 out of       2    0%
  Number of PMVs:                                0 out of       1    0%
  Number of STARTUPs:                            0 out of       1    0%
  Number of SUSPEND_SYNCs:                       0 out of       1    0%

Average Fanout of Non-Clock Nets:                4.89

Peak Memory Usage:  589 MB
Total REAL time to MAP completion:  29 secs 
Total CPU time to MAP completion:   26 secs 

Table of Contents
-----------------
Section 1 - Errors
Section 2 - Warnings
Section 3 - Informational
Section 4 - Removed Logic Summary
Section 5 - Removed Logic
Section 6 - IOB Properties
Section 7 - RPMs
Section 8 - Guide Report
Section 9 - Area Group and Partition Summary
Section 10 - Timing Report
Section 11 - Configuration String Information
Section 12 - Control Set Information
Section 13 - Utilization by Hierarchy

Section 1 - Errors
------------------

Section 2 - Warnings
--------------------
WARNING:Security:43 - No license file was found in the standard Xilinx license
directory.
WARNING:Security:44 - No license file was found.
WARNING:Security:42 - Your software subscription period has lapsed. Your current
version of Xilinx tools will continue to function, but you no longer qualify for
Xilinx software updates or new releases.
WARNING:PhysDesignRules:372 - Gated clock. Clock net
   cpu/main/alu/ALUi/ALUInstr[4]_PWR_23_o_Mux_22_o is sourced by a combinatorial
   pin. This is not good design practice. Use the CE pin to control the loading
   of data into the flip-flop.

Section 3 - Informational
-------------------------
INFO:Security:50 - The XILINXD_LICENSE_FILE environment variable is set to
'1706@license.isy.liu.se'.
INFO:Security:52 - The LM_LICENSE_FILE environment variable is set to
'1706@license.isy.liu.se'.
INFO:Security:54 - 'xc6slx16' is a WebPack part.
INFO:MapLib:562 - No environment variables are currently set.
INFO:LIT:244 - All of the single ended outputs in this design are using slew
   rate limited output drivers. The delay on speed critical single ended outputs
   can be dramatically reduced by designating them as fast outputs.
INFO:Pack:1716 - Initializing temperature to 85.000 Celsius. (default - Range:
   0.000 to 85.000 Celsius)
INFO:Pack:1720 - Initializing voltage to 1.140 Volts. (default - Range: 1.140 to
   1.260 Volts)
INFO:Map:215 - The Interim Design Summary has been generated in the MAP Report
   (.mrp).
INFO:Pack:1650 - Map created a placed design.

Section 4 - Removed Logic Summary
---------------------------------
   2 block(s) optimized away
   5 Block(s) redundant

Section 5 - Removed Logic
-------------------------

Optimized Block(s):
TYPE 		BLOCK
GND 		XST_GND
VCC 		XST_VCC

Redundant Block(s):
TYPE 		BLOCK
LUT1 		cpu/main/regs/lt1t/Mcount_counter_cy<0>_rt
LUT1 		cpu/main/regs/st1t/Mcount_counter_cy<0>_rt
INV 		sout/sound_output/lrckS_INV_221_o1_INV_0
INV 		sout/sound_clkgen/sclkS_INV_235_o1_INV_0
INV 		sout/sound_clkgen/mclkS_INV_236_o1_INV_0

Section 6 - IOB Properties
--------------------------

+---------------------------------------------------------------------------------------------------------------------------------------------------------+
| IOB Name                           | Type             | Direction | IO Standard          | Diff  | Drive    | Slew | Reg (s)      | Resistor | IOB      |
|                                    |                  |           |                      | Term  | Strength | Rate |              |          | Delay    |
+---------------------------------------------------------------------------------------------------------------------------------------------------------+
| an<0>                              | IOB              | OUTPUT    | LVCMOS33             |       | 12       | SLOW |              |          |          |
| an<1>                              | IOB              | OUTPUT    | LVCMOS33             |       | 12       | SLOW |              |          |          |
| an<2>                              | IOB              | OUTPUT    | LVCMOS33             |       | 12       | SLOW |              |          |          |
| an<3>                              | IOB              | OUTPUT    | LVCMOS33             |       | 12       | SLOW |              |          |          |
| clk                                | IOB              | INPUT     | LVCMOS33             |       |          |      |              |          |          |
| lrck                               | IOB              | OUTPUT    | LVCMOS33             |       | 12       | SLOW |              |          |          |
| mclk                               | IOB              | OUTPUT    | LVCMOS33             |       | 12       | SLOW |              |          |          |
| rst                                | IOB              | INPUT     | LVCMOS33             |       |          |      |              |          |          |
| sclk                               | IOB              | OUTPUT    | LVCMOS33             |       | 12       | SLOW |              |          |          |
| sdin                               | IOB              | OUTPUT    | LVCMOS33             |       | 12       | SLOW |              |          |          |
| seg<0>                             | IOB              | OUTPUT    | LVCMOS33             |       | 12       | SLOW |              |          |          |
| seg<1>                             | IOB              | OUTPUT    | LVCMOS33             |       | 12       | SLOW |              |          |          |
| seg<2>                             | IOB              | OUTPUT    | LVCMOS33             |       | 12       | SLOW |              |          |          |
| seg<3>                             | IOB              | OUTPUT    | LVCMOS33             |       | 12       | SLOW |              |          |          |
| seg<4>                             | IOB              | OUTPUT    | LVCMOS33             |       | 12       | SLOW |              |          |          |
| seg<5>                             | IOB              | OUTPUT    | LVCMOS33             |       | 12       | SLOW |              |          |          |
| seg<6>                             | IOB              | OUTPUT    | LVCMOS33             |       | 12       | SLOW |              |          |          |
| seg<7>                             | IOB              | OUTPUT    | LVCMOS33             |       | 12       | SLOW |              |          |          |
+---------------------------------------------------------------------------------------------------------------------------------------------------------+

Section 7 - RPMs
----------------

Section 8 - Guide Report
------------------------
Guide not run on this design.

Section 9 - Area Group and Partition Summary
--------------------------------------------

Partition Implementation Status
-------------------------------

  No Partitions were found in this design.

-------------------------------

Area Group Information
----------------------

  No area groups were found in this design.

----------------------

Section 10 - Timing Report
--------------------------
A logic-level (pre-route) timing report can be generated by using Xilinx static
timing analysis tools, Timing Analyzer (GUI) or TRCE (command line), with the
mapped NCD and PCF files. Please note that this timing report will be generated
using estimated delay information. For accurate numbers, please generate a
timing report with the post Place and Route NCD file.

For more information about the Timing Analyzer, consult the Xilinx Timing
Analyzer Reference Manual; for more information about TRCE, consult the Xilinx
Command Line Tools User Guide "TRACE" chapter.

Section 11 - Configuration String Details
-----------------------------------------

Section 12 - Control Set Information
------------------------------------
+---------------------------------------------------------------------------------------------------------------------------------------------------------------+
| Clock Signal                                     | Reset Signal              | Set Signal | Enable Signal                 | Slice Load Count | Bel Load Count |
+---------------------------------------------------------------------------------------------------------------------------------------------------------------+
| clk_IBUF_BUFG                                    |                           |            |                               | 12               | 25             |
| clk_IBUF_BUFG                                    |                           |            | cpu/main/mem/memWrite         | 4                | 16             |
| clk_IBUF_BUFG                                    |                           |            | cpu/pmem/pc/_n0029_inv        | 2                | 6              |
| clk_IBUF_BUFG                                    |                           |            | sout/sound_clkgen/_n0043_inv  | 1                | 3              |
| clk_IBUF_BUFG                                    |                           |            | sout/sound_output/_n0051_inv  | 1                | 1              |
| clk_IBUF_BUFG                                    | cpu/main/regs/lt1t/_n0025 |            | cpu/main/regs/lt1t/_n0028_inv | 5                | 31             |
| clk_IBUF_BUFG                                    | cpu/main/regs/st1t/_n0025 |            | cpu/main/regs/st1t/_n0028_inv | 3                | 16             |
| clk_IBUF_BUFG                                    | cpu/pmem/jmpc/isJmp_inv   |            |                               | 2                | 6              |
| clk_IBUF_BUFG                                    | rst_IBUF                  |            |                               | 18               | 55             |
| clk_IBUF_BUFG                                    | rst_IBUF                  |            | clk_IBUF                      | 55               | 144            |
| clk_IBUF_BUFG                                    | rst_IBUF                  |            | cpu/main/regs/writeReg<0>     | 8                | 16             |
| clk_IBUF_BUFG                                    | rst_IBUF                  |            | cpu/main/regs/writeReg<1>     | 5                | 16             |
| clk_IBUF_BUFG                                    | rst_IBUF                  |            | cpu/main/regs/writeReg<2>     | 4                | 16             |
| clk_IBUF_BUFG                                    | rst_IBUF                  |            | cpu/main/regs/writeReg<3>     | 4                | 16             |
| clk_IBUF_BUFG                                    | rst_IBUF                  |            | cpu/main/regs/writeReg<4>     | 5                | 16             |
| clk_IBUF_BUFG                                    | rst_IBUF                  |            | cpu/main/regs/writeReg<5>     | 10               | 16             |
| clk_IBUF_BUFG                                    | rst_IBUF                  |            | cpu/main/regs/writeReg<6>     | 6                | 16             |
| clk_IBUF_BUFG                                    | rst_IBUF                  |            | cpu/main/regs/writeReg<7>     | 6                | 16             |
| clk_IBUF_BUFG                                    | rst_IBUF                  |            | cpu/main/regs/writeReg<31>    | 4                | 16             |
| clk_IBUF_BUFG                                    | rst_IBUF                  |            | cpu/pmem/stall                | 1                | 2              |
| clk_IBUF_BUFG                                    | rst_IBUF                  |            | sout/sendBitS                 | 3                | 7              |
| clk_IBUF_BUFG                                    | rst_IBUF                  |            | sout/sound_output/_n0073_inv  | 3                | 16             |
+---------------------------------------------------------------------------------------------------------------------------------------------------------------+
| ~cpu/main/alu/ALUi/ALUInstr[4]_PWR_23_o_Mux_22_o |                           |            |                               | 9                | 17             |
+---------------------------------------------------------------------------------------------------------------------------------------------------------------+

Section 13 - Utilization by Hierarchy
-------------------------------------
+----------------------------------------------------------------------------------------------------------------------------------------------------------------------------------------------------------+
| Module              | Partition | Slices*       | Slice Reg     | LUTs          | LUTRAM        | BRAM/FIFO | DSP48A1 | BUFG  | BUFIO | BUFR  | DCM   | PLL_ADV   | Full Hierarchical Name               |
+----------------------------------------------------------------------------------------------------------------------------------------------------------------------------------------------------------+
| Synth/              |           | 9/523         | 0/472         | 0/844         | 0/17          | 0/0       | 0/1     | 1/1   | 0/0   | 0/0   | 0/0   | 0/0       | Synth                                |
| +cpu                |           | 2/497         | 0/441         | 2/819         | 0/16          | 0/0       | 0/1     | 0/0   | 0/0   | 0/0   | 0/0   | 0/0       | Synth/cpu                            |
| ++main              |           | 0/436         | 0/367         | 0/721         | 0/16          | 0/0       | 0/1     | 0/0   | 0/0   | 0/0   | 0/0   | 0/0       | Synth/cpu/main                       |
| +++alu              |           | 5/246         | 0/21          | 6/505         | 0/0           | 0/0       | 0/1     | 0/0   | 0/0   | 0/0   | 0/0   | 0/0       | Synth/cpu/main/alu                   |
| ++++ALUi            |           | 105/105       | 21/21         | 255/255       | 0/0           | 0/0       | 1/1     | 0/0   | 0/0   | 0/0   | 0/0   | 0/0       | Synth/cpu/main/alu/ALUi              |
| ++++FLL             |           | 19/19         | 0/0           | 24/24         | 0/0           | 0/0       | 0/0     | 0/0   | 0/0   | 0/0   | 0/0   | 0/0       | Synth/cpu/main/alu/FLL               |
| ++++FLR             |           | 10/10         | 0/0           | 16/16         | 0/0           | 0/0       | 0/0     | 0/0   | 0/0   | 0/0   | 0/0   | 0/0       | Synth/cpu/main/alu/FLR               |
| ++++MUX3            |           | 18/18         | 0/0           | 30/30         | 0/0           | 0/0       | 0/0     | 0/0   | 0/0   | 0/0   | 0/0   | 0/0       | Synth/cpu/main/alu/MUX3              |
| ++++MUX4            |           | 51/51         | 0/0           | 103/103       | 0/0           | 0/0       | 0/0     | 0/0   | 0/0   | 0/0   | 0/0   | 0/0       | Synth/cpu/main/alu/MUX4              |
| ++++MUX5            |           | 38/38         | 0/0           | 71/71         | 0/0           | 0/0       | 0/0     | 0/0   | 0/0   | 0/0   | 0/0   | 0/0       | Synth/cpu/main/alu/MUX5              |
| +++d2               |           | 4/8           | 0/14          | 10/10         | 0/0           | 0/0       | 0/0     | 0/0   | 0/0   | 0/0   | 0/0   | 0/0       | Synth/cpu/main/d2                    |
| ++++d2              |           | 4/4           | 14/14         | 0/0           | 0/0           | 0/0       | 0/0     | 0/0   | 0/0   | 0/0   | 0/0   | 0/0       | Synth/cpu/main/d2/d2                 |
| +++d3Reg            |           | 10/10         | 16/16         | 0/0           | 0/0           | 0/0       | 0/0     | 0/0   | 0/0   | 0/0   | 0/0   | 0/0       | Synth/cpu/main/d3Reg                 |
| +++ir3              |           | 4/4           | 9/9           | 0/0           | 0/0           | 0/0       | 0/0     | 0/0   | 0/0   | 0/0   | 0/0   | 0/0       | Synth/cpu/main/ir3                   |
| +++ir4              |           | 6/6           | 10/10         | 0/0           | 0/0           | 0/0       | 0/0     | 0/0   | 0/0   | 0/0   | 0/0   | 0/0       | Synth/cpu/main/ir4                   |
| +++mem              |           | 1/20          | 0/32          | 1/39          | 0/16          | 0/0       | 0/0     | 0/0   | 0/0   | 0/0   | 0/0   | 0/0       | Synth/cpu/main/mem                   |
| ++++d4              |           | 4/4           | 16/16         | 0/0           | 0/0           | 0/0       | 0/0     | 0/0   | 0/0   | 0/0   | 0/0   | 0/0       | Synth/cpu/main/mem/d4                |
| ++++d4z4mux         |           | 11/11         | 0/0           | 22/22         | 0/0           | 0/0       | 0/0     | 0/0   | 0/0   | 0/0   | 0/0   | 0/0       | Synth/cpu/main/mem/d4z4mux           |
| ++++mem             |           | 4/4           | 16/16         | 16/16         | 16/16         | 0/0       | 0/0     | 0/0   | 0/0   | 0/0   | 0/0   | 0/0       | Synth/cpu/main/mem/mem               |
| +++regs             |           | 34/134        | 2/249         | 72/167        | 0/0           | 0/0       | 0/0     | 0/0   | 0/0   | 0/0   | 0/0   | 0/0       | Synth/cpu/main/regs                  |
| ++++SR              |           | 4/4           | 6/6           | 0/0           | 0/0           | 0/0       | 0/0     | 0/0   | 0/0   | 0/0   | 0/0   | 0/0       | Synth/cpu/main/regs/SR               |
| ++++audioReg        |           | 4/4           | 16/16         | 0/0           | 0/0           | 0/0       | 0/0     | 0/0   | 0/0   | 0/0   | 0/0   | 0/0       | Synth/cpu/main/regs/audioReg         |
| ++++gregs[0].genReg |           | 8/8           | 16/16         | 0/0           | 0/0           | 0/0       | 0/0     | 0/0   | 0/0   | 0/0   | 0/0   | 0/0       | Synth/cpu/main/regs/gregs[0].genReg  |
| ++++gregs[1].genReg |           | 5/5           | 16/16         | 0/0           | 0/0           | 0/0       | 0/0     | 0/0   | 0/0   | 0/0   | 0/0   | 0/0       | Synth/cpu/main/regs/gregs[1].genReg  |
| ++++gregs[2].genReg |           | 4/4           | 16/16         | 0/0           | 0/0           | 0/0       | 0/0     | 0/0   | 0/0   | 0/0   | 0/0   | 0/0       | Synth/cpu/main/regs/gregs[2].genReg  |
| ++++gregs[3].genReg |           | 4/4           | 16/16         | 0/0           | 0/0           | 0/0       | 0/0     | 0/0   | 0/0   | 0/0   | 0/0   | 0/0       | Synth/cpu/main/regs/gregs[3].genReg  |
| ++++gregs[4].genReg |           | 5/5           | 16/16         | 0/0           | 0/0           | 0/0       | 0/0     | 0/0   | 0/0   | 0/0   | 0/0   | 0/0       | Synth/cpu/main/regs/gregs[4].genReg  |
| ++++gregs[5].genReg |           | 10/10         | 16/16         | 0/0           | 0/0           | 0/0       | 0/0     | 0/0   | 0/0   | 0/0   | 0/0   | 0/0       | Synth/cpu/main/regs/gregs[5].genReg  |
| ++++gregs[6].genReg |           | 6/6           | 16/16         | 0/0           | 0/0           | 0/0       | 0/0     | 0/0   | 0/0   | 0/0   | 0/0   | 0/0       | Synth/cpu/main/regs/gregs[6].genReg  |
| ++++gregs[7].genReg |           | 6/6           | 16/16         | 0/0           | 0/0           | 0/0       | 0/0     | 0/0   | 0/0   | 0/0   | 0/0   | 0/0       | Synth/cpu/main/regs/gregs[7].genReg  |
| ++++lt1lsb          |           | 8/8           | 16/16         | 0/0           | 0/0           | 0/0       | 0/0     | 0/0   | 0/0   | 0/0   | 0/0   | 0/0       | Synth/cpu/main/regs/lt1lsb           |
| ++++lt1msb          |           | 4/4           | 16/16         | 0/0           | 0/0           | 0/0       | 0/0     | 0/0   | 0/0   | 0/0   | 0/0   | 0/0       | Synth/cpu/main/regs/lt1msb           |
| ++++lt1t            |           | 19/19         | 32/32         | 64/64         | 0/0           | 0/0       | 0/0     | 0/0   | 0/0   | 0/0   | 0/0   | 0/0       | Synth/cpu/main/regs/lt1t             |
| ++++st1r            |           | 4/4           | 16/16         | 0/0           | 0/0           | 0/0       | 0/0     | 0/0   | 0/0   | 0/0   | 0/0   | 0/0       | Synth/cpu/main/regs/st1r             |
| ++++st1t            |           | 9/9           | 17/17         | 31/31         | 0/0           | 0/0       | 0/0     | 0/0   | 0/0   | 0/0   | 0/0   | 0/0       | Synth/cpu/main/regs/st1t             |
| +++z3Reg            |           | 8/8           | 16/16         | 0/0           | 0/0           | 0/0       | 0/0     | 0/0   | 0/0   | 0/0   | 0/0   | 0/0       | Synth/cpu/main/z3Reg                 |
| ++pmem              |           | 2/53          | 2/74          | 3/90          | 0/0           | 0/0       | 0/0     | 0/0   | 0/0   | 0/0   | 0/0   | 0/0       | Synth/cpu/pmem                       |
| +++ir1c             |           | 10/16         | 0/23          | 32/32         | 0/0           | 0/0       | 0/0     | 0/0   | 0/0   | 0/0   | 0/0   | 0/0       | Synth/cpu/pmem/ir1c                  |
| ++++ir1             |           | 6/6           | 23/23         | 0/0           | 0/0           | 0/0       | 0/0     | 0/0   | 0/0   | 0/0   | 0/0   | 0/0       | Synth/cpu/pmem/ir1c/ir1              |
| +++ir2c             |           | 7/14          | 0/31          | 15/15         | 0/0           | 0/0       | 0/0     | 0/0   | 0/0   | 0/0   | 0/0   | 0/0       | Synth/cpu/pmem/ir2c                  |
| ++++ir2             |           | 7/7           | 31/31         | 0/0           | 0/0           | 0/0       | 0/0     | 0/0   | 0/0   | 0/0   | 0/0   | 0/0       | Synth/cpu/pmem/ir2c/ir2              |
| +++jmpc             |           | 15/15         | 6/6           | 31/31         | 0/0           | 0/0       | 0/0     | 0/0   | 0/0   | 0/0   | 0/0   | 0/0       | Synth/cpu/pmem/jmpc                  |
| +++pc               |           | 4/4           | 6/6           | 9/9           | 0/0           | 0/0       | 0/0     | 0/0   | 0/0   | 0/0   | 0/0   | 0/0       | Synth/cpu/pmem/pc                    |
| +++pc1              |           | 2/2           | 6/6           | 0/0           | 0/0           | 0/0       | 0/0     | 0/0   | 0/0   | 0/0   | 0/0   | 0/0       | Synth/cpu/pmem/pc1                   |
| ++pmem_mem          |           | 6/6           | 0/0           | 6/6           | 0/0           | 0/0       | 0/0     | 0/0   | 0/0   | 0/0   | 0/0   | 0/0       | Synth/cpu/pmem_mem                   |
| +sout               |           | 0/17          | 0/31          | 0/25          | 0/1           | 0/0       | 0/0     | 0/0   | 0/0   | 0/0   | 0/0   | 0/0       | Synth/sout                           |
| ++sound_clkgen      |           | 5/5           | 7/7           | 8/8           | 0/0           | 0/0       | 0/0     | 0/0   | 0/0   | 0/0   | 0/0   | 0/0       | Synth/sout/sound_clkgen              |
| ++sound_output      |           | 12/12         | 24/24         | 17/17         | 1/1           | 0/0       | 0/0     | 0/0   | 0/0   | 0/0   | 0/0   | 0/0       | Synth/sout/sound_output              |
+----------------------------------------------------------------------------------------------------------------------------------------------------------------------------------------------------------+

* Slices can be packed with basic elements from multiple hierarchies.
  Therefore, a slice will be counted in every hierarchical module
  that each of its packed basic elements belong to.
** For each column, there are two numbers reported <A>/<B>.
   <A> is the number of elements that belong to that specific hierarchical module.
   <B> is the total number of elements from that hierarchical module and any lower level
   hierarchical modules below.
*** The LUTRAM column counts all LUTs used as memory including RAM, ROM, and shift registers.
